# JRE version: Java(TM) SE Runtime Environment (8.0_181-b13) (build 1.8.0_181-b13)
# Java VM: Java HotSpot(TM) 64-Bit Server VM (25.181-b13 mixed mode linux-amd64 compressed oops)
Heap:
 PSYoungGen      total 456704K, used 20989K [0x00000000d7400000, 0x00000000f4680000, 0x0000000100000000)
  eden space 435712K, 0% used [0x00000000d7400000,0x00000000d7400000,0x00000000f1d80000)
  from space 20992K, 99% used [0x00000000f1d80000,0x00000000f31ff618,0x00000000f3200000)
  to   space 20992K, 0% used [0x00000000f3200000,0x00000000f3200000,0x00000000f4680000)
 ParOldGen       total 100864K, used 37047K [0x0000000085c00000, 0x000000008be80000, 0x00000000d7400000)
  object space 100864K, 36% used [0x0000000085c00000,0x000000008802dde8,0x000000008be80000)
 Metaspace       used 37388K, capacity 37900K, committed 38400K, reserved 1083392K
  class space    used 4591K, capacity 4754K, committed 4864K, reserved 1048576K
GC Heap History (10 events):
Event: 10.707 GC heap after
Heap after GC invocations=10 (full 1):
 PSYoungGen      total 265216K, used 12272K [0x00000000d7400000, 0x00000000ee180000, 0x0000000100000000)
  eden space 252928K, 0% used [0x00000000d7400000,0x00000000d7400000,0x00000000e6b00000)
  from space 12288K, 99% used [0x00000000e6b00000,0x00000000e76fc190,0x00000000e7700000)
  to   space 15872K, 0% used [0x00000000ed200000,0x00000000ed200000,0x00000000ee180000)
 ParOldGen       total 60416K, used 16642K [0x0000000085c00000, 0x0000000089700000, 0x00000000d7400000)
  object space 60416K, 27% used [0x0000000085c00000,0x0000000086c40a88,0x0000000089700000)
 Metaspace       used 28831K, capacity 29108K, committed 29440K, reserved 1075200K
  class space    used 3520K, capacity 3576K, committed 3584K, reserved 1048576K
}
Event: 12.340 GC heap before
{Heap before GC invocations=11 (full 1):
 PSYoungGen      total 265216K, used 265200K [0x00000000d7400000, 0x00000000ee180000, 0x0000000100000000)
  eden space 252928K, 100% used [0x00000000d7400000,0x00000000e6b00000,0x00000000e6b00000)
  from space 12288K, 99% used [0x00000000e6b00000,0x00000000e76fc190,0x00000000e7700000)
  to   space 15872K, 0% used [0x00000000ed200000,0x00000000ed200000,0x00000000ee180000)
 ParOldGen       total 60416K, used 16642K [0x0000000085c00000, 0x0000000089700000, 0x00000000d7400000)
  object space 60416K, 27% used [0x0000000085c00000,0x0000000086c40a88,0x0000000089700000)
 Metaspace       used 29481K, capacity 29760K, committed 30080K, reserved 1075200K
  class space    used 3592K, capacity 3642K, committed 3712K, reserved 1048576K
Event: 12.379 GC heap after
Heap after GC invocations=11 (full 1):
 PSYoungGen      total 352256K, used 15854K [0x00000000d7400000, 0x00000000ee480000, 0x0000000100000000)
  eden space 336384K, 0% used [0x00000000d7400000,0x00000000d7400000,0x00000000ebc80000)
  from space 15872K, 99% used [0x00000000ed200000,0x00000000ee17b820,0x00000000ee180000)
  to   space 20480K, 0% used [0x00000000ebc80000,0x00000000ebc80000,0x00000000ed080000)
 ParOldGen       total 60416K, used 22500K [0x0000000085c00000, 0x0000000089700000, 0x00000000d7400000)
  object space 60416K, 37% used [0x0000000085c00000,0x00000000871f9328,0x0000000089700000)
 Metaspace       used 29481K, capacity 29760K, committed 30080K, reserved 1075200K
  class space    used 3592K, capacity 3642K, committed 3712K, reserved 1048576K
}
Event: 116.446 GC heap before
{Heap before GC invocations=12 (full 1):
 PSYoungGen      total 352256K, used 352238K [0x00000000d7400000, 0x00000000ee480000, 0x0000000100000000)
  eden space 336384K, 100% used [0x00000000d7400000,0x00000000ebc80000,0x00000000ebc80000)
  from space 15872K, 99% used [0x00000000ed200000,0x00000000ee17b820,0x00000000ee180000)
  to   space 20480K, 0% used [0x00000000ebc80000,0x00000000ebc80000,0x00000000ed080000)
 ParOldGen       total 60416K, used 22500K [0x0000000085c00000, 0x0000000089700000, 0x00000000d7400000)
  object space 60416K, 37% used [0x0000000085c00000,0x00000000871f9328,0x0000000089700000)
 Metaspace       used 34243K, capacity 34664K, committed 35072K, reserved 1079296K
  class space    used 4186K, capacity 4308K, committed 4352K, reserved 1048576K
Event: 117.799 GC heap after
Heap after GC invocations=12 (full 1):
 PSYoungGen      total 356864K, used 17499K [0x00000000d7400000, 0x00000000f4780000, 0x0000000100000000)
  eden space 336384K, 0% used [0x00000000d7400000,0x00000000d7400000,0x00000000ebc80000)
  from space 20480K, 85% used [0x00000000ebc80000,0x00000000ecd96fa0,0x00000000ed080000)
  to   space 22016K, 0% used [0x00000000f3200000,0x00000000f3200000,0x00000000f4780000)
 ParOldGen       total 60416K, used 29645K [0x0000000085c00000, 0x0000000089700000, 0x00000000d7400000)
  object space 60416K, 49% used [0x0000000085c00000,0x00000000878f3528,0x0000000089700000)
 Metaspace       used 34243K, capacity 34664K, committed 35072K, reserved 1079296K
  class space    used 4186K, capacity 4308K, committed 4352K, reserved 1048576K
}
Event: 148.791 GC heap before
{Heap before GC invocations=13 (full 1):
 PSYoungGen      total 356864K, used 127713K [0x00000000d7400000, 0x00000000f4780000, 0x0000000100000000)
  eden space 336384K, 32% used [0x00000000d7400000,0x00000000ddfa1500,0x00000000ebc80000)
  from space 20480K, 85% used [0x00000000ebc80000,0x00000000ecd96fa0,0x00000000ed080000)
  to   space 22016K, 0% used [0x00000000f3200000,0x00000000f3200000,0x00000000f4780000)
 ParOldGen       total 60416K, used 29645K [0x0000000085c00000, 0x0000000089700000, 0x00000000d7400000)
  object space 60416K, 49% used [0x0000000085c00000,0x00000000878f3528,0x0000000089700000)
 Metaspace       used 34674K, capacity 35054K, committed 35456K, reserved 1081344K
  class space    used 4248K, capacity 4373K, committed 4480K, reserved 1048576K
Event: 150.018 GC heap after
Heap after GC invocations=13 (full 1):
 PSYoungGen      total 456704K, used 9904K [0x00000000d7400000, 0x00000000f4680000, 0x0000000100000000)
  eden space 435712K, 0% used [0x00000000d7400000,0x00000000d7400000,0x00000000f1d80000)
  from space 20992K, 47% used [0x00000000f3200000,0x00000000f3bac0d0,0x00000000f4680000)
  to   space 20992K, 0% used [0x00000000f1d80000,0x00000000f1d80000,0x00000000f3200000)
 ParOldGen       total 60416K, used 35037K [0x0000000085c00000, 0x0000000089700000, 0x00000000d7400000)
  object space 60416K, 57% used [0x0000000085c00000,0x0000000087e375a8,0x0000000089700000)
 Metaspace       used 34674K, capacity 35054K, committed 35456K, reserved 1081344K
  class space    used 4248K, capacity 4373K, committed 4480K, reserved 1048576K
}
Event: 150.018 GC heap before
{Heap before GC invocations=14 (full 2):
 PSYoungGen      total 456704K, used 9904K [0x00000000d7400000, 0x00000000f4680000, 0x0000000100000000)
  eden space 435712K, 0% used [0x00000000d7400000,0x00000000d7400000,0x00000000f1d80000)
  from space 20992K, 47% used [0x00000000f3200000,0x00000000f3bac0d0,0x00000000f4680000)
  to   space 20992K, 0% used [0x00000000f1d80000,0x00000000f1d80000,0x00000000f3200000)
 ParOldGen       total 60416K, used 35037K [0x0000000085c00000, 0x0000000089700000, 0x00000000d7400000)
  object space 60416K, 57% used [0x0000000085c00000,0x0000000087e375a8,0x0000000089700000)
 Metaspace       used 34674K, capacity 35054K, committed 35456K, reserved 1081344K
  class space    used 4248K, capacity 4373K, committed 4480K, reserved 1048576K
Event: 151.146 GC heap after
Heap after GC invocations=14 (full 2):
 PSYoungGen      total 456704K, used 0K [0x00000000d7400000, 0x00000000f4680000, 0x0000000100000000)
  eden space 435712K, 0% used [0x00000000d7400000,0x00000000d7400000,0x00000000f1d80000)
  from space 20992K, 0% used [0x00000000f3200000,0x00000000f3200000,0x00000000f4680000)
  to   space 20992K, 0% used [0x00000000f1d80000,0x00000000f1d80000,0x00000000f3200000)
 ParOldGen       total 100864K, used 32014K [0x0000000085c00000, 0x000000008be80000, 0x00000000d7400000)
  object space 100864K, 31% used [0x0000000085c00000,0x0000000087b439b0,0x000000008be80000)
 Metaspace       used 34674K, capacity 35054K, committed 35456K, reserved 1081344K
  class space    used 4248K, capacity 4373K, committed 4480K, reserved 1048576K
}
Event: 166.232 GC heap before
{Heap before GC invocations=15 (full 2):
 PSYoungGen      total 456704K, used 435712K [0x00000000d7400000, 0x00000000f4680000, 0x0000000100000000)
  eden space 435712K, 100% used [0x00000000d7400000,0x00000000f1d80000,0x00000000f1d80000)
  from space 20992K, 0% used [0x00000000f3200000,0x00000000f3200000,0x00000000f4680000)
  to   space 20992K, 0% used [0x00000000f1d80000,0x00000000f1d80000,0x00000000f3200000)
 ParOldGen       total 100864K, used 32014K [0x0000000085c00000, 0x000000008be80000, 0x00000000d7400000)
  object space 100864K, 31% used [0x0000000085c00000,0x0000000087b439b0,0x000000008be80000)
 Metaspace       used 37388K, capacity 37900K, committed 38400K, reserved 1083392K
  class space    used 4591K, capacity 4754K, committed 4864K, reserved 1048576K

